  Programa.cpp
C:\Program Files (x86)\Windows Kits\10\Include\10.0.19041.0\shared\stralign.h(153,1): error C4430: faltando especificador de tipo - int assumido. Observação: C++ não suporta default-int
C:\Program Files (x86)\Windows Kits\10\Include\10.0.19041.0\shared\stralign.h(152,1): error C2146: erro de sintaxe: ';' ausente antes do identificador 'WINAPI'
C:\Program Files (x86)\Windows Kits\10\Include\10.0.19041.0\shared\stralign.h(159,1): error C2146: erro de sintaxe: ';' ausente antes do identificador 'uaw_lstrcmpW'
C:\Program Files (x86)\Windows Kits\10\Include\10.0.19041.0\shared\stralign.h(160,18): error C4430: faltando especificador de tipo - int assumido. Observação: C++ não suporta default-int
C:\Program Files (x86)\Windows Kits\10\Include\10.0.19041.0\shared\stralign.h(160,10): error C2065: 'PCUWSTR': identificador não declarado
C:\Program Files (x86)\Windows Kits\10\Include\10.0.19041.0\shared\stralign.h(160,18): error C2146: erro de sintaxe: ')' ausente antes do identificador 'String1'
C:\Program Files (x86)\Windows Kits\10\Include\10.0.19041.0\shared\stralign.h(165,1): error C2086: 'int APIENTRY': redefinição
C:\Program Files (x86)\Windows Kits\10\Include\10.0.19041.0\shared\stralign.h(158): message : consulte a declaração de 'APIENTRY'
C:\Program Files (x86)\Windows Kits\10\Include\10.0.19041.0\shared\stralign.h(166,1): error C2146: erro de sintaxe: ';' ausente antes do identificador 'uaw_lstrcmpiW'
C:\Program Files (x86)\Windows Kits\10\Include\10.0.19041.0\shared\stralign.h(167,18): error C4430: faltando especificador de tipo - int assumido. Observação: C++ não suporta default-int
C:\Program Files (x86)\Windows Kits\10\Include\10.0.19041.0\shared\stralign.h(167,10): error C2065: 'PCUWSTR': identificador não declarado
C:\Program Files (x86)\Windows Kits\10\Include\10.0.19041.0\shared\stralign.h(167,18): error C2146: erro de sintaxe: ')' ausente antes do identificador 'String1'
C:\Program Files (x86)\Windows Kits\10\Include\10.0.19041.0\shared\stralign.h(173,1): error C2146: erro de sintaxe: ';' ausente antes do identificador 'uaw_lstrlenW'
C:\Program Files (x86)\Windows Kits\10\Include\10.0.19041.0\shared\stralign.h(174,19): error C4430: faltando especificador de tipo - int assumido. Observação: C++ não suporta default-int
C:\Program Files (x86)\Windows Kits\10\Include\10.0.19041.0\shared\stralign.h(174,10): error C2065: 'LPCUWSTR': identificador não declarado
C:\Program Files (x86)\Windows Kits\10\Include\10.0.19041.0\shared\stralign.h(174,19): error C2146: erro de sintaxe: ')' ausente antes do identificador 'String'
C:\Program Files (x86)\Windows Kits\10\Include\10.0.19041.0\shared\stralign.h(178,1): error C2143: erro de sintaxe: ';' ausente antes de '__cdecl'
C:\Program Files (x86)\Windows Kits\10\Include\10.0.19041.0\shared\stralign.h(178,1): error C4430: faltando especificador de tipo - int assumido. Observação: C++ não suporta default-int
C:\Program Files (x86)\Windows Kits\10\Include\10.0.19041.0\shared\stralign.h(180,18): warning C4229: anacronismo usado: modificadores em dados são ignorados
C:\Program Files (x86)\Windows Kits\10\Include\10.0.19041.0\shared\stralign.h(180,18): error C4430: faltando especificador de tipo - int assumido. Observação: C++ não suporta default-int
C:\Program Files (x86)\Windows Kits\10\Include\10.0.19041.0\shared\stralign.h(180,10): error C2065: 'PCUWSTR': identificador não declarado
C:\Program Files (x86)\Windows Kits\10\Include\10.0.19041.0\shared\stralign.h(180,18): error C2146: erro de sintaxe: ')' ausente antes do identificador 'String'
C:\Program Files (x86)\Windows Kits\10\Include\10.0.19041.0\shared\stralign.h(185,1): error C2143: erro de sintaxe: ';' ausente antes de '__cdecl'
C:\Program Files (x86)\Windows Kits\10\Include\10.0.19041.0\shared\stralign.h(185,1): error C4430: faltando especificador de tipo - int assumido. Observação: C++ não suporta default-int
C:\Program Files (x86)\Windows Kits\10\Include\10.0.19041.0\shared\stralign.h(184,1): error C2086: 'int PUWSTR': redefinição
C:\Program Files (x86)\Windows Kits\10\Include\10.0.19041.0\shared\stralign.h(177): message : consulte a declaração de 'PUWSTR'
C:\Program Files (x86)\Windows Kits\10\Include\10.0.19041.0\shared\stralign.h(187,64): warning C4229: anacronismo usado: modificadores em dados são ignorados
C:\Program Files (x86)\Windows Kits\10\Include\10.0.19041.0\shared\stralign.h(187,64): error C4430: faltando especificador de tipo - int assumido. Observação: C++ não suporta default-int
C:\Program Files (x86)\Windows Kits\10\Include\10.0.19041.0\shared\stralign.h(187,64): error C2146: erro de sintaxe: ')' ausente antes do identificador 'Destination'
C:\Program Files (x86)\Windows Kits\10\Include\10.0.19041.0\shared\stralign.h(194,18): warning C4229: anacronismo usado: modificadores em dados são ignorados
C:\Program Files (x86)\Windows Kits\10\Include\10.0.19041.0\shared\stralign.h(194,10): error C2065: 'PCUWSTR': identificador não declarado
C:\Program Files (x86)\Windows Kits\10\Include\10.0.19041.0\shared\stralign.h(194,18): error C2146: erro de sintaxe: ')' ausente antes do identificador 'String1'
C:\Program Files (x86)\Windows Kits\10\Include\10.0.19041.0\shared\stralign.h(201,18): warning C4229: anacronismo usado: modificadores em dados são ignorados
C:\Program Files (x86)\Windows Kits\10\Include\10.0.19041.0\shared\stralign.h(201,10): error C2065: 'PCUWSTR': identificador não declarado
C:\Program Files (x86)\Windows Kits\10\Include\10.0.19041.0\shared\stralign.h(201,18): error C2146: erro de sintaxe: ')' ausente antes do identificador 'String'
C:\Program Files (x86)\Windows Kits\10\Include\10.0.19041.0\shared\stralign.h(205,1): error C2143: erro de sintaxe: ';' ausente antes de '__cdecl'
C:\Program Files (x86)\Windows Kits\10\Include\10.0.19041.0\shared\stralign.h(205,1): error C4430: faltando especificador de tipo - int assumido. Observação: C++ não suporta default-int
C:\Program Files (x86)\Windows Kits\10\Include\10.0.19041.0\shared\stralign.h(204,1): error C2086: 'int PUWSTR': redefinição
C:\Program Files (x86)\Windows Kits\10\Include\10.0.19041.0\shared\stralign.h(177): message : consulte a declaração de 'PUWSTR'
C:\Program Files (x86)\Windows Kits\10\Include\10.0.19041.0\shared\stralign.h(207,18): warning C4229: anacronismo usado: modificadores em dados são ignorados
C:\Program Files (x86)\Windows Kits\10\Include\10.0.19041.0\shared\stralign.h(207,18): error C4430: faltando especificador de tipo - int assumido. Observação: C++ não suporta default-int
C:\Program Files (x86)\Windows Kits\10\Include\10.0.19041.0\shared\stralign.h(207,10): error C2065: 'PCUWSTR': identificador não declarado
C:\Program Files (x86)\Windows Kits\10\Include\10.0.19041.0\shared\stralign.h(207,18): error C2146: erro de sintaxe: ')' ausente antes do identificador 'String'
C:\Program Files (x86)\Windows Kits\10\Include\10.0.19041.0\shared\stralign.h(316,30): error C4430: faltando especificador de tipo - int assumido. Observação: C++ não suporta default-int
C:\Program Files (x86)\Windows Kits\10\Include\10.0.19041.0\shared\stralign.h(316,30): error C2146: erro de sintaxe: ';' ausente antes do identificador 'UNALIGNED'
C:\Program Files (x86)\Windows Kits\10\Include\10.0.19041.0\shared\stralign.h(316,40): error C2143: erro de sintaxe: ';' ausente antes de '*'
C:\Program Files (x86)\Windows Kits\10\Include\10.0.19041.0\shared\stralign.h(316,40): error C4430: faltando especificador de tipo - int assumido. Observação: C++ não suporta default-int
C:\Program Files (x86)\Windows Kits\10\Include\10.0.19041.0\shared\stralign.h(316,49): error C4430: faltando especificador de tipo - int assumido. Observação: C++ não suporta default-int
C:\Program Files (x86)\Windows Kits\10\Include\10.0.19041.0\shared\stralign.h(327,1): error C2144: erro de sintaxe: 'int' deve ser precedido por ';'
C:\Program Files (x86)\Windows Kits\10\Include\10.0.19041.0\shared\stralign.h(326,1): error C7525: variáveis embutidas exigem pelo menos '/std:c++17'
C:\Program Files (x86)\Windows Kits\10\Include\10.0.19041.0\shared\stralign.h(328,10): error C4430: faltando especificador de tipo - int assumido. Observação: C++ não suporta default-int
C:\Program Files (x86)\Windows Kits\10\Include\10.0.19041.0\shared\stralign.h(326,1): error C2040: 'PUWSTR_C': 'int' difere em níveis de indireção de 'int *'
C:\Program Files (x86)\Windows Kits\10\Include\10.0.19041.0\shared\stralign.h(329,18): error C4430: faltando especificador de tipo - int assumido. Observação: C++ não suporta default-int
C:\Program Files (x86)\Windows Kits\10\Include\10.0.19041.0\shared\stralign.h(329,10): error C2065: 'PCUWSTR': identificador não declarado
C:\Program Files (x86)\Windows Kits\10\Include\10.0.19041.0\shared\stralign.h(329,18): error C2146: erro de sintaxe: ')' ausente antes do identificador 'String'
C:\Program Files (x86)\Windows Kits\10\Include\10.0.19041.0\shared\stralign.h(332,1): error C2143: erro de sintaxe: ';' ausente antes de '{'
C:\Program Files (x86)\Windows Kits\10\Include\10.0.19041.0\shared\stralign.h(332,1): error C2447: '{': faltando cabeçalho de função (lista formal de estilo antigo?)
C:\Program Files (x86)\Windows Kits\10\Include\10.0.19041.0\shared\stralign.h(342,1): error C2144: erro de sintaxe: 'int' deve ser precedido por ';'
C:\Program Files (x86)\Windows Kits\10\Include\10.0.19041.0\shared\stralign.h(341,1): error C7525: variáveis embutidas exigem pelo menos '/std:c++17'
C:\Program Files (x86)\Windows Kits\10\Include\10.0.19041.0\shared\stralign.h(343,11): error C4430: faltando especificador de tipo - int assumido. Observação: C++ não suporta default-int
C:\Program Files (x86)\Windows Kits\10\Include\10.0.19041.0\shared\stralign.h(341,1): error C2040: 'PUWSTR_C': 'int' difere em níveis de indireção de 'int *'
C:\Program Files (x86)\Windows Kits\10\Include\10.0.19041.0\shared\stralign.h(344,18): error C4430: faltando especificador de tipo - int assumido. Observação: C++ não suporta default-int
C:\Program Files (x86)\Windows Kits\10\Include\10.0.19041.0\shared\stralign.h(344,10): error C2065: 'PCUWSTR': identificador não declarado
C:\Program Files (x86)\Windows Kits\10\Include\10.0.19041.0\shared\stralign.h(344,18): error C2146: erro de sintaxe: ')' ausente antes do identificador 'String'
C:\Program Files (x86)\Windows Kits\10\Include\10.0.19041.0\shared\stralign.h(347,1): error C2143: erro de sintaxe: ';' ausente antes de '{'
C:\Program Files (x86)\Windows Kits\10\Include\10.0.19041.0\shared\stralign.h(347,1): error C2447: '{': faltando cabeçalho de função (lista formal de estilo antigo?)
C:\Program Files (x86)\Windows Kits\10\Include\10.0.19041.0\shared\stralign.h(417,1): error C2144: erro de sintaxe: 'int' deve ser precedido por ';'
C:\Program Files (x86)\Windows Kits\10\Include\10.0.19041.0\shared\stralign.h(416,1): error C7525: variáveis embutidas exigem pelo menos '/std:c++17'
C:\Program Files (x86)\Windows Kits\10\Include\10.0.19041.0\shared\stralign.h(419,10): error C4430: faltando especificador de tipo - int assumido. Observação: C++ não suporta default-int
C:\Program Files (x86)\Windows Kits\10\Include\10.0.19041.0\shared\stralign.h(416,1): error C2086: 'int PUWSTR': redefinição
C:\Program Files (x86)\Windows Kits\10\Include\10.0.19041.0\shared\stralign.h(177): message : consulte a declaração de 'PUWSTR'
C:\Program Files (x86)\Windows Kits\10\Include\10.0.19041.0\shared\stralign.h(420,64): error C4430: faltando especificador de tipo - int assumido. Observação: C++ não suporta default-int
C:\Program Files (x86)\Windows Kits\10\Include\10.0.19041.0\shared\stralign.h(420,64): error C2146: erro de sintaxe: ')' ausente antes do identificador 'Destination'
C:\Program Files (x86)\Windows Kits\10\Include\10.0.19041.0\shared\stralign.h(423,1): error C2143: erro de sintaxe: ';' ausente antes de '{'
C:\Program Files (x86)\Windows Kits\10\Include\10.0.19041.0\shared\stralign.h(423,1): error C2447: '{': faltando cabeçalho de função (lista formal de estilo antigo?)
C:\Program Files (x86)\Windows Kits\10\Include\10.0.19041.0\shared\stralign.h(442,1): error C2144: erro de sintaxe: 'int' deve ser precedido por ';'
C:\Program Files (x86)\Windows Kits\10\Include\10.0.19041.0\shared\stralign.h(441,1): error C7525: variáveis embutidas exigem pelo menos '/std:c++17'
C:\Program Files (x86)\Windows Kits\10\Include\10.0.19041.0\shared\stralign.h(443,12): error C4430: faltando especificador de tipo - int assumido. Observação: C++ não suporta default-int
C:\Program Files (x86)\Windows Kits\10\Include\10.0.19041.0\shared\stralign.h(441,1): error C2086: 'int PUWSTR': redefinição
C:\Program Files (x86)\Windows Kits\10\Include\10.0.19041.0\shared\stralign.h(177): message : consulte a declaração de 'PUWSTR'
C:\Program Files (x86)\Windows Kits\10\Include\10.0.19041.0\shared\stralign.h(444,42): error C4430: faltando especificador de tipo - int assumido. Observação: C++ não suporta default-int
C:\Program Files (x86)\Windows Kits\10\Include\10.0.19041.0\shared\stralign.h(444,42): error C2146: erro de sintaxe: ')' ausente antes do identificador 'Destination'
C:\Program Files (x86)\Windows Kits\10\Include\10.0.19041.0\shared\stralign.h(448,1): error C2143: erro de sintaxe: ';' ausente antes de '{'
C:\Program Files (x86)\Windows Kits\10\Include\10.0.19041.0\shared\stralign.h(448,1): error C2447: '{': faltando cabeçalho de função (lista formal de estilo antigo?)
C:\Program Files (x86)\Windows Kits\10\Include\10.0.19041.0\shared\stralign.h(461,1): error C7525: variáveis embutidas exigem pelo menos '/std:c++17'
C:\Program Files (x86)\Windows Kits\10\Include\10.0.19041.0\shared\stralign.h(462,10): error C2065: 'PCUWSTR': identificador não declarado
C:\Program Files (x86)\Windows Kits\10\Include\10.0.19041.0\shared\stralign.h(462,18): error C2146: erro de sintaxe: ')' ausente antes do identificador 'String'
C:\Program Files (x86)\Windows Kits\10\Include\10.0.19041.0\shared\stralign.h(464,1): error C2143: erro de sintaxe: ';' ausente antes de '{'
C:\Program Files (x86)\Windows Kits\10\Include\10.0.19041.0\shared\stralign.h(464,1): error C2447: '{': faltando cabeçalho de função (lista formal de estilo antigo?)
C:\Program Files (x86)\Windows Kits\10\Include\10.0.19041.0\shared\stralign.h(477,1): error C7525: variáveis embutidas exigem pelo menos '/std:c++17'
C:\Program Files (x86)\Windows Kits\10\Include\10.0.19041.0\shared\stralign.h(478,10): error C2065: 'PCUWSTR': identificador não declarado
C:\Program Files (x86)\Windows Kits\10\Include\10.0.19041.0\shared\stralign.h(478,18): error C2146: erro de sintaxe: ')' ausente antes do identificador 'String1'
C:\Program Files (x86)\Windows Kits\10\Include\10.0.19041.0\shared\stralign.h(481,1): error C2143: erro de sintaxe: ';' ausente antes de '{'
C:\Program Files (x86)\Windows Kits\10\Include\10.0.19041.0\shared\stralign.h(481,1): error C2447: '{': faltando cabeçalho de função (lista formal de estilo antigo?)
  AtendimentoHospital.cpp
C:\Program Files (x86)\Windows Kits\10\Include\10.0.19041.0\shared\stralign.h(153,1): error C4430: faltando especificador de tipo - int assumido. Observação: C++ não suporta default-int
C:\Program Files (x86)\Windows Kits\10\Include\10.0.19041.0\shared\stralign.h(152,1): error C2146: erro de sintaxe: ';' ausente antes do identificador 'WINAPI'
C:\Program Files (x86)\Windows Kits\10\Include\10.0.19041.0\shared\stralign.h(159,1): error C2146: erro de sintaxe: ';' ausente antes do identificador 'uaw_lstrcmpW'
C:\Program Files (x86)\Windows Kits\10\Include\10.0.19041.0\shared\stralign.h(160,18): error C4430: faltando especificador de tipo - int assumido. Observação: C++ não suporta default-int
C:\Program Files (x86)\Windows Kits\10\Include\10.0.19041.0\shared\stralign.h(160,10): error C2065: 'PCUWSTR': identificador não declarado
C:\Program Files (x86)\Windows Kits\10\Include\10.0.19041.0\shared\stralign.h(160,18): error C2146: erro de sintaxe: ')' ausente antes do identificador 'String1'
C:\Program Files (x86)\Windows Kits\10\Include\10.0.19041.0\shared\stralign.h(165,1): error C2086: 'int APIENTRY': redefinição
C:\Program Files (x86)\Windows Kits\10\Include\10.0.19041.0\shared\stralign.h(158): message : consulte a declaração de 'APIENTRY'
C:\Program Files (x86)\Windows Kits\10\Include\10.0.19041.0\shared\stralign.h(166,1): error C2146: erro de sintaxe: ';' ausente antes do identificador 'uaw_lstrcmpiW'
C:\Program Files (x86)\Windows Kits\10\Include\10.0.19041.0\shared\stralign.h(167,18): error C4430: faltando especificador de tipo - int assumido. Observação: C++ não suporta default-int
C:\Program Files (x86)\Windows Kits\10\Include\10.0.19041.0\shared\stralign.h(167,10): error C2065: 'PCUWSTR': identificador não declarado
C:\Program Files (x86)\Windows Kits\10\Include\10.0.19041.0\shared\stralign.h(167,18): error C2146: erro de sintaxe: ')' ausente antes do identificador 'String1'
C:\Program Files (x86)\Windows Kits\10\Include\10.0.19041.0\shared\stralign.h(173,1): error C2146: erro de sintaxe: ';' ausente antes do identificador 'uaw_lstrlenW'
C:\Program Files (x86)\Windows Kits\10\Include\10.0.19041.0\shared\stralign.h(174,19): error C4430: faltando especificador de tipo - int assumido. Observação: C++ não suporta default-int
C:\Program Files (x86)\Windows Kits\10\Include\10.0.19041.0\shared\stralign.h(174,10): error C2065: 'LPCUWSTR': identificador não declarado
C:\Program Files (x86)\Windows Kits\10\Include\10.0.19041.0\shared\stralign.h(174,19): error C2146: erro de sintaxe: ')' ausente antes do identificador 'String'
C:\Program Files (x86)\Windows Kits\10\Include\10.0.19041.0\shared\stralign.h(178,1): error C2143: erro de sintaxe: ';' ausente antes de '__cdecl'
C:\Program Files (x86)\Windows Kits\10\Include\10.0.19041.0\shared\stralign.h(178,1): error C4430: faltando especificador de tipo - int assumido. Observação: C++ não suporta default-int
C:\Program Files (x86)\Windows Kits\10\Include\10.0.19041.0\shared\stralign.h(180,18): warning C4229: anacronismo usado: modificadores em dados são ignorados
C:\Program Files (x86)\Windows Kits\10\Include\10.0.19041.0\shared\stralign.h(180,18): error C4430: faltando especificador de tipo - int assumido. Observação: C++ não suporta default-int
C:\Program Files (x86)\Windows Kits\10\Include\10.0.19041.0\shared\stralign.h(180,10): error C2065: 'PCUWSTR': identificador não declarado
C:\Program Files (x86)\Windows Kits\10\Include\10.0.19041.0\shared\stralign.h(180,18): error C2146: erro de sintaxe: ')' ausente antes do identificador 'String'
C:\Program Files (x86)\Windows Kits\10\Include\10.0.19041.0\shared\stralign.h(185,1): error C2143: erro de sintaxe: ';' ausente antes de '__cdecl'
C:\Program Files (x86)\Windows Kits\10\Include\10.0.19041.0\shared\stralign.h(185,1): error C4430: faltando especificador de tipo - int assumido. Observação: C++ não suporta default-int
C:\Program Files (x86)\Windows Kits\10\Include\10.0.19041.0\shared\stralign.h(184,1): error C2086: 'int PUWSTR': redefinição
C:\Program Files (x86)\Windows Kits\10\Include\10.0.19041.0\shared\stralign.h(177): message : consulte a declaração de 'PUWSTR'
C:\Program Files (x86)\Windows Kits\10\Include\10.0.19041.0\shared\stralign.h(187,64): warning C4229: anacronismo usado: modificadores em dados são ignorados
C:\Program Files (x86)\Windows Kits\10\Include\10.0.19041.0\shared\stralign.h(187,64): error C4430: faltando especificador de tipo - int assumido. Observação: C++ não suporta default-int
C:\Program Files (x86)\Windows Kits\10\Include\10.0.19041.0\shared\stralign.h(187,64): error C2146: erro de sintaxe: ')' ausente antes do identificador 'Destination'
C:\Program Files (x86)\Windows Kits\10\Include\10.0.19041.0\shared\stralign.h(194,18): warning C4229: anacronismo usado: modificadores em dados são ignorados
C:\Program Files (x86)\Windows Kits\10\Include\10.0.19041.0\shared\stralign.h(194,10): error C2065: 'PCUWSTR': identificador não declarado
C:\Program Files (x86)\Windows Kits\10\Include\10.0.19041.0\shared\stralign.h(194,18): error C2146: erro de sintaxe: ')' ausente antes do identificador 'String1'
C:\Program Files (x86)\Windows Kits\10\Include\10.0.19041.0\shared\stralign.h(201,18): warning C4229: anacronismo usado: modificadores em dados são ignorados
C:\Program Files (x86)\Windows Kits\10\Include\10.0.19041.0\shared\stralign.h(201,10): error C2065: 'PCUWSTR': identificador não declarado
C:\Program Files (x86)\Windows Kits\10\Include\10.0.19041.0\shared\stralign.h(201,18): error C2146: erro de sintaxe: ')' ausente antes do identificador 'String'
C:\Program Files (x86)\Windows Kits\10\Include\10.0.19041.0\shared\stralign.h(205,1): error C2143: erro de sintaxe: ';' ausente antes de '__cdecl'
C:\Program Files (x86)\Windows Kits\10\Include\10.0.19041.0\shared\stralign.h(205,1): error C4430: faltando especificador de tipo - int assumido. Observação: C++ não suporta default-int
C:\Program Files (x86)\Windows Kits\10\Include\10.0.19041.0\shared\stralign.h(204,1): error C2086: 'int PUWSTR': redefinição
C:\Program Files (x86)\Windows Kits\10\Include\10.0.19041.0\shared\stralign.h(177): message : consulte a declaração de 'PUWSTR'
C:\Program Files (x86)\Windows Kits\10\Include\10.0.19041.0\shared\stralign.h(207,18): warning C4229: anacronismo usado: modificadores em dados são ignorados
C:\Program Files (x86)\Windows Kits\10\Include\10.0.19041.0\shared\stralign.h(207,18): error C4430: faltando especificador de tipo - int assumido. Observação: C++ não suporta default-int
C:\Program Files (x86)\Windows Kits\10\Include\10.0.19041.0\shared\stralign.h(207,10): error C2065: 'PCUWSTR': identificador não declarado
C:\Program Files (x86)\Windows Kits\10\Include\10.0.19041.0\shared\stralign.h(207,18): error C2146: erro de sintaxe: ')' ausente antes do identificador 'String'
C:\Program Files (x86)\Windows Kits\10\Include\10.0.19041.0\shared\stralign.h(316,30): error C4430: faltando especificador de tipo - int assumido. Observação: C++ não suporta default-int
C:\Program Files (x86)\Windows Kits\10\Include\10.0.19041.0\shared\stralign.h(316,30): error C2146: erro de sintaxe: ';' ausente antes do identificador 'UNALIGNED'
C:\Program Files (x86)\Windows Kits\10\Include\10.0.19041.0\shared\stralign.h(316,40): error C2143: erro de sintaxe: ';' ausente antes de '*'
C:\Program Files (x86)\Windows Kits\10\Include\10.0.19041.0\shared\stralign.h(316,40): error C4430: faltando especificador de tipo - int assumido. Observação: C++ não suporta default-int
C:\Program Files (x86)\Windows Kits\10\Include\10.0.19041.0\shared\stralign.h(316,49): error C4430: faltando especificador de tipo - int assumido. Observação: C++ não suporta default-int
C:\Program Files (x86)\Windows Kits\10\Include\10.0.19041.0\shared\stralign.h(327,1): error C2144: erro de sintaxe: 'int' deve ser precedido por ';'
C:\Program Files (x86)\Windows Kits\10\Include\10.0.19041.0\shared\stralign.h(326,1): error C7525: variáveis embutidas exigem pelo menos '/std:c++17'
C:\Program Files (x86)\Windows Kits\10\Include\10.0.19041.0\shared\stralign.h(328,10): error C4430: faltando especificador de tipo - int assumido. Observação: C++ não suporta default-int
C:\Program Files (x86)\Windows Kits\10\Include\10.0.19041.0\shared\stralign.h(326,1): error C2040: 'PUWSTR_C': 'int' difere em níveis de indireção de 'int *'
C:\Program Files (x86)\Windows Kits\10\Include\10.0.19041.0\shared\stralign.h(329,18): error C4430: faltando especificador de tipo - int assumido. Observação: C++ não suporta default-int
C:\Program Files (x86)\Windows Kits\10\Include\10.0.19041.0\shared\stralign.h(329,10): error C2065: 'PCUWSTR': identificador não declarado
C:\Program Files (x86)\Windows Kits\10\Include\10.0.19041.0\shared\stralign.h(329,18): error C2146: erro de sintaxe: ')' ausente antes do identificador 'String'
C:\Program Files (x86)\Windows Kits\10\Include\10.0.19041.0\shared\stralign.h(332,1): error C2143: erro de sintaxe: ';' ausente antes de '{'
C:\Program Files (x86)\Windows Kits\10\Include\10.0.19041.0\shared\stralign.h(332,1): error C2447: '{': faltando cabeçalho de função (lista formal de estilo antigo?)
C:\Program Files (x86)\Windows Kits\10\Include\10.0.19041.0\shared\stralign.h(342,1): error C2144: erro de sintaxe: 'int' deve ser precedido por ';'
C:\Program Files (x86)\Windows Kits\10\Include\10.0.19041.0\shared\stralign.h(341,1): error C7525: variáveis embutidas exigem pelo menos '/std:c++17'
C:\Program Files (x86)\Windows Kits\10\Include\10.0.19041.0\shared\stralign.h(343,11): error C4430: faltando especificador de tipo - int assumido. Observação: C++ não suporta default-int
C:\Program Files (x86)\Windows Kits\10\Include\10.0.19041.0\shared\stralign.h(341,1): error C2040: 'PUWSTR_C': 'int' difere em níveis de indireção de 'int *'
C:\Program Files (x86)\Windows Kits\10\Include\10.0.19041.0\shared\stralign.h(344,18): error C4430: faltando especificador de tipo - int assumido. Observação: C++ não suporta default-int
C:\Program Files (x86)\Windows Kits\10\Include\10.0.19041.0\shared\stralign.h(344,10): error C2065: 'PCUWSTR': identificador não declarado
C:\Program Files (x86)\Windows Kits\10\Include\10.0.19041.0\shared\stralign.h(344,18): error C2146: erro de sintaxe: ')' ausente antes do identificador 'String'
C:\Program Files (x86)\Windows Kits\10\Include\10.0.19041.0\shared\stralign.h(347,1): error C2143: erro de sintaxe: ';' ausente antes de '{'
C:\Program Files (x86)\Windows Kits\10\Include\10.0.19041.0\shared\stralign.h(347,1): error C2447: '{': faltando cabeçalho de função (lista formal de estilo antigo?)
C:\Program Files (x86)\Windows Kits\10\Include\10.0.19041.0\shared\stralign.h(417,1): error C2144: erro de sintaxe: 'int' deve ser precedido por ';'
C:\Program Files (x86)\Windows Kits\10\Include\10.0.19041.0\shared\stralign.h(416,1): error C7525: variáveis embutidas exigem pelo menos '/std:c++17'
C:\Program Files (x86)\Windows Kits\10\Include\10.0.19041.0\shared\stralign.h(419,10): error C4430: faltando especificador de tipo - int assumido. Observação: C++ não suporta default-int
C:\Program Files (x86)\Windows Kits\10\Include\10.0.19041.0\shared\stralign.h(416,1): error C2086: 'int PUWSTR': redefinição
C:\Program Files (x86)\Windows Kits\10\Include\10.0.19041.0\shared\stralign.h(177): message : consulte a declaração de 'PUWSTR'
C:\Program Files (x86)\Windows Kits\10\Include\10.0.19041.0\shared\stralign.h(420,64): error C4430: faltando especificador de tipo - int assumido. Observação: C++ não suporta default-int
C:\Program Files (x86)\Windows Kits\10\Include\10.0.19041.0\shared\stralign.h(420,64): error C2146: erro de sintaxe: ')' ausente antes do identificador 'Destination'
C:\Program Files (x86)\Windows Kits\10\Include\10.0.19041.0\shared\stralign.h(423,1): error C2143: erro de sintaxe: ';' ausente antes de '{'
C:\Program Files (x86)\Windows Kits\10\Include\10.0.19041.0\shared\stralign.h(423,1): error C2447: '{': faltando cabeçalho de função (lista formal de estilo antigo?)
C:\Program Files (x86)\Windows Kits\10\Include\10.0.19041.0\shared\stralign.h(442,1): error C2144: erro de sintaxe: 'int' deve ser precedido por ';'
C:\Program Files (x86)\Windows Kits\10\Include\10.0.19041.0\shared\stralign.h(441,1): error C7525: variáveis embutidas exigem pelo menos '/std:c++17'
C:\Program Files (x86)\Windows Kits\10\Include\10.0.19041.0\shared\stralign.h(443,12): error C4430: faltando especificador de tipo - int assumido. Observação: C++ não suporta default-int
C:\Program Files (x86)\Windows Kits\10\Include\10.0.19041.0\shared\stralign.h(441,1): error C2086: 'int PUWSTR': redefinição
C:\Program Files (x86)\Windows Kits\10\Include\10.0.19041.0\shared\stralign.h(177): message : consulte a declaração de 'PUWSTR'
C:\Program Files (x86)\Windows Kits\10\Include\10.0.19041.0\shared\stralign.h(444,42): error C4430: faltando especificador de tipo - int assumido. Observação: C++ não suporta default-int
C:\Program Files (x86)\Windows Kits\10\Include\10.0.19041.0\shared\stralign.h(444,42): error C2146: erro de sintaxe: ')' ausente antes do identificador 'Destination'
C:\Program Files (x86)\Windows Kits\10\Include\10.0.19041.0\shared\stralign.h(448,1): error C2143: erro de sintaxe: ';' ausente antes de '{'
C:\Program Files (x86)\Windows Kits\10\Include\10.0.19041.0\shared\stralign.h(448,1): error C2447: '{': faltando cabeçalho de função (lista formal de estilo antigo?)
C:\Program Files (x86)\Windows Kits\10\Include\10.0.19041.0\shared\stralign.h(461,1): error C7525: variáveis embutidas exigem pelo menos '/std:c++17'
C:\Program Files (x86)\Windows Kits\10\Include\10.0.19041.0\shared\stralign.h(462,10): error C2065: 'PCUWSTR': identificador não declarado
C:\Program Files (x86)\Windows Kits\10\Include\10.0.19041.0\shared\stralign.h(462,18): error C2146: erro de sintaxe: ')' ausente antes do identificador 'String'
C:\Program Files (x86)\Windows Kits\10\Include\10.0.19041.0\shared\stralign.h(464,1): error C2143: erro de sintaxe: ';' ausente antes de '{'
C:\Program Files (x86)\Windows Kits\10\Include\10.0.19041.0\shared\stralign.h(464,1): error C2447: '{': faltando cabeçalho de função (lista formal de estilo antigo?)
C:\Program Files (x86)\Windows Kits\10\Include\10.0.19041.0\shared\stralign.h(477,1): error C7525: variáveis embutidas exigem pelo menos '/std:c++17'
C:\Program Files (x86)\Windows Kits\10\Include\10.0.19041.0\shared\stralign.h(478,10): error C2065: 'PCUWSTR': identificador não declarado
C:\Program Files (x86)\Windows Kits\10\Include\10.0.19041.0\shared\stralign.h(478,18): error C2146: erro de sintaxe: ')' ausente antes do identificador 'String1'
C:\Program Files (x86)\Windows Kits\10\Include\10.0.19041.0\shared\stralign.h(481,1): error C2143: erro de sintaxe: ';' ausente antes de '{'
C:\Program Files (x86)\Windows Kits\10\Include\10.0.19041.0\shared\stralign.h(481,1): error C2447: '{': faltando cabeçalho de função (lista formal de estilo antigo?)
  Triagem.cpp
C:\Program Files (x86)\Windows Kits\10\Include\10.0.19041.0\shared\stralign.h(153,1): error C4430: faltando especificador de tipo - int assumido. Observação: C++ não suporta default-int
C:\Program Files (x86)\Windows Kits\10\Include\10.0.19041.0\shared\stralign.h(152,1): error C2146: erro de sintaxe: ';' ausente antes do identificador 'WINAPI'
C:\Program Files (x86)\Windows Kits\10\Include\10.0.19041.0\shared\stralign.h(159,1): error C2146: erro de sintaxe: ';' ausente antes do identificador 'uaw_lstrcmpW'
C:\Program Files (x86)\Windows Kits\10\Include\10.0.19041.0\shared\stralign.h(160,18): error C4430: faltando especificador de tipo - int assumido. Observação: C++ não suporta default-int
C:\Program Files (x86)\Windows Kits\10\Include\10.0.19041.0\shared\stralign.h(160,10): error C2065: 'PCUWSTR': identificador não declarado
C:\Program Files (x86)\Windows Kits\10\Include\10.0.19041.0\shared\stralign.h(160,18): error C2146: erro de sintaxe: ')' ausente antes do identificador 'String1'
C:\Program Files (x86)\Windows Kits\10\Include\10.0.19041.0\shared\stralign.h(165,1): error C2086: 'int APIENTRY': redefinição
C:\Program Files (x86)\Windows Kits\10\Include\10.0.19041.0\shared\stralign.h(158): message : consulte a declaração de 'APIENTRY'
C:\Program Files (x86)\Windows Kits\10\Include\10.0.19041.0\shared\stralign.h(166,1): error C2146: erro de sintaxe: ';' ausente antes do identificador 'uaw_lstrcmpiW'
C:\Program Files (x86)\Windows Kits\10\Include\10.0.19041.0\shared\stralign.h(167,18): error C4430: faltando especificador de tipo - int assumido. Observação: C++ não suporta default-int
C:\Program Files (x86)\Windows Kits\10\Include\10.0.19041.0\shared\stralign.h(167,10): error C2065: 'PCUWSTR': identificador não declarado
C:\Program Files (x86)\Windows Kits\10\Include\10.0.19041.0\shared\stralign.h(167,18): error C2146: erro de sintaxe: ')' ausente antes do identificador 'String1'
C:\Program Files (x86)\Windows Kits\10\Include\10.0.19041.0\shared\stralign.h(173,1): error C2146: erro de sintaxe: ';' ausente antes do identificador 'uaw_lstrlenW'
C:\Program Files (x86)\Windows Kits\10\Include\10.0.19041.0\shared\stralign.h(174,19): error C4430: faltando especificador de tipo - int assumido. Observação: C++ não suporta default-int
C:\Program Files (x86)\Windows Kits\10\Include\10.0.19041.0\shared\stralign.h(174,10): error C2065: 'LPCUWSTR': identificador não declarado
C:\Program Files (x86)\Windows Kits\10\Include\10.0.19041.0\shared\stralign.h(174,19): error C2146: erro de sintaxe: ')' ausente antes do identificador 'String'
C:\Program Files (x86)\Windows Kits\10\Include\10.0.19041.0\shared\stralign.h(178,1): error C2143: erro de sintaxe: ';' ausente antes de '__cdecl'
C:\Program Files (x86)\Windows Kits\10\Include\10.0.19041.0\shared\stralign.h(178,1): error C4430: faltando especificador de tipo - int assumido. Observação: C++ não suporta default-int
C:\Program Files (x86)\Windows Kits\10\Include\10.0.19041.0\shared\stralign.h(180,18): warning C4229: anacronismo usado: modificadores em dados são ignorados
C:\Program Files (x86)\Windows Kits\10\Include\10.0.19041.0\shared\stralign.h(180,18): error C4430: faltando especificador de tipo - int assumido. Observação: C++ não suporta default-int
C:\Program Files (x86)\Windows Kits\10\Include\10.0.19041.0\shared\stralign.h(180,10): error C2065: 'PCUWSTR': identificador não declarado
C:\Program Files (x86)\Windows Kits\10\Include\10.0.19041.0\shared\stralign.h(180,18): error C2146: erro de sintaxe: ')' ausente antes do identificador 'String'
C:\Program Files (x86)\Windows Kits\10\Include\10.0.19041.0\shared\stralign.h(185,1): error C2143: erro de sintaxe: ';' ausente antes de '__cdecl'
C:\Program Files (x86)\Windows Kits\10\Include\10.0.19041.0\shared\stralign.h(185,1): error C4430: faltando especificador de tipo - int assumido. Observação: C++ não suporta default-int
C:\Program Files (x86)\Windows Kits\10\Include\10.0.19041.0\shared\stralign.h(184,1): error C2086: 'int PUWSTR': redefinição
C:\Program Files (x86)\Windows Kits\10\Include\10.0.19041.0\shared\stralign.h(177): message : consulte a declaração de 'PUWSTR'
C:\Program Files (x86)\Windows Kits\10\Include\10.0.19041.0\shared\stralign.h(187,64): warning C4229: anacronismo usado: modificadores em dados são ignorados
C:\Program Files (x86)\Windows Kits\10\Include\10.0.19041.0\shared\stralign.h(187,64): error C4430: faltando especificador de tipo - int assumido. Observação: C++ não suporta default-int
C:\Program Files (x86)\Windows Kits\10\Include\10.0.19041.0\shared\stralign.h(187,64): error C2146: erro de sintaxe: ')' ausente antes do identificador 'Destination'
C:\Program Files (x86)\Windows Kits\10\Include\10.0.19041.0\shared\stralign.h(194,18): warning C4229: anacronismo usado: modificadores em dados são ignorados
C:\Program Files (x86)\Windows Kits\10\Include\10.0.19041.0\shared\stralign.h(194,10): error C2065: 'PCUWSTR': identificador não declarado
C:\Program Files (x86)\Windows Kits\10\Include\10.0.19041.0\shared\stralign.h(194,18): error C2146: erro de sintaxe: ')' ausente antes do identificador 'String1'
C:\Program Files (x86)\Windows Kits\10\Include\10.0.19041.0\shared\stralign.h(201,18): warning C4229: anacronismo usado: modificadores em dados são ignorados
C:\Program Files (x86)\Windows Kits\10\Include\10.0.19041.0\shared\stralign.h(201,10): error C2065: 'PCUWSTR': identificador não declarado
C:\Program Files (x86)\Windows Kits\10\Include\10.0.19041.0\shared\stralign.h(201,18): error C2146: erro de sintaxe: ')' ausente antes do identificador 'String'
C:\Program Files (x86)\Windows Kits\10\Include\10.0.19041.0\shared\stralign.h(205,1): error C2143: erro de sintaxe: ';' ausente antes de '__cdecl'
C:\Program Files (x86)\Windows Kits\10\Include\10.0.19041.0\shared\stralign.h(205,1): error C4430: faltando especificador de tipo - int assumido. Observação: C++ não suporta default-int
C:\Program Files (x86)\Windows Kits\10\Include\10.0.19041.0\shared\stralign.h(204,1): error C2086: 'int PUWSTR': redefinição
C:\Program Files (x86)\Windows Kits\10\Include\10.0.19041.0\shared\stralign.h(177): message : consulte a declaração de 'PUWSTR'
C:\Program Files (x86)\Windows Kits\10\Include\10.0.19041.0\shared\stralign.h(207,18): warning C4229: anacronismo usado: modificadores em dados são ignorados
C:\Program Files (x86)\Windows Kits\10\Include\10.0.19041.0\shared\stralign.h(207,18): error C4430: faltando especificador de tipo - int assumido. Observação: C++ não suporta default-int
C:\Program Files (x86)\Windows Kits\10\Include\10.0.19041.0\shared\stralign.h(207,10): error C2065: 'PCUWSTR': identificador não declarado
C:\Program Files (x86)\Windows Kits\10\Include\10.0.19041.0\shared\stralign.h(207,18): error C2146: erro de sintaxe: ')' ausente antes do identificador 'String'
C:\Program Files (x86)\Windows Kits\10\Include\10.0.19041.0\shared\stralign.h(316,30): error C4430: faltando especificador de tipo - int assumido. Observação: C++ não suporta default-int
C:\Program Files (x86)\Windows Kits\10\Include\10.0.19041.0\shared\stralign.h(316,30): error C2146: erro de sintaxe: ';' ausente antes do identificador 'UNALIGNED'
C:\Program Files (x86)\Windows Kits\10\Include\10.0.19041.0\shared\stralign.h(316,40): error C2143: erro de sintaxe: ';' ausente antes de '*'
C:\Program Files (x86)\Windows Kits\10\Include\10.0.19041.0\shared\stralign.h(316,40): error C4430: faltando especificador de tipo - int assumido. Observação: C++ não suporta default-int
C:\Program Files (x86)\Windows Kits\10\Include\10.0.19041.0\shared\stralign.h(316,49): error C4430: faltando especificador de tipo - int assumido. Observação: C++ não suporta default-int
C:\Program Files (x86)\Windows Kits\10\Include\10.0.19041.0\shared\stralign.h(327,1): error C2144: erro de sintaxe: 'int' deve ser precedido por ';'
C:\Program Files (x86)\Windows Kits\10\Include\10.0.19041.0\shared\stralign.h(326,1): error C7525: variáveis embutidas exigem pelo menos '/std:c++17'
C:\Program Files (x86)\Windows Kits\10\Include\10.0.19041.0\shared\stralign.h(328,10): error C4430: faltando especificador de tipo - int assumido. Observação: C++ não suporta default-int
C:\Program Files (x86)\Windows Kits\10\Include\10.0.19041.0\shared\stralign.h(326,1): error C2040: 'PUWSTR_C': 'int' difere em níveis de indireção de 'int *'
C:\Program Files (x86)\Windows Kits\10\Include\10.0.19041.0\shared\stralign.h(329,18): error C4430: faltando especificador de tipo - int assumido. Observação: C++ não suporta default-int
C:\Program Files (x86)\Windows Kits\10\Include\10.0.19041.0\shared\stralign.h(329,10): error C2065: 'PCUWSTR': identificador não declarado
C:\Program Files (x86)\Windows Kits\10\Include\10.0.19041.0\shared\stralign.h(329,18): error C2146: erro de sintaxe: ')' ausente antes do identificador 'String'
C:\Program Files (x86)\Windows Kits\10\Include\10.0.19041.0\shared\stralign.h(332,1): error C2143: erro de sintaxe: ';' ausente antes de '{'
C:\Program Files (x86)\Windows Kits\10\Include\10.0.19041.0\shared\stralign.h(332,1): error C2447: '{': faltando cabeçalho de função (lista formal de estilo antigo?)
C:\Program Files (x86)\Windows Kits\10\Include\10.0.19041.0\shared\stralign.h(342,1): error C2144: erro de sintaxe: 'int' deve ser precedido por ';'
C:\Program Files (x86)\Windows Kits\10\Include\10.0.19041.0\shared\stralign.h(341,1): error C7525: variáveis embutidas exigem pelo menos '/std:c++17'
C:\Program Files (x86)\Windows Kits\10\Include\10.0.19041.0\shared\stralign.h(343,11): error C4430: faltando especificador de tipo - int assumido. Observação: C++ não suporta default-int
C:\Program Files (x86)\Windows Kits\10\Include\10.0.19041.0\shared\stralign.h(341,1): error C2040: 'PUWSTR_C': 'int' difere em níveis de indireção de 'int *'
C:\Program Files (x86)\Windows Kits\10\Include\10.0.19041.0\shared\stralign.h(344,18): error C4430: faltando especificador de tipo - int assumido. Observação: C++ não suporta default-int
C:\Program Files (x86)\Windows Kits\10\Include\10.0.19041.0\shared\stralign.h(344,10): error C2065: 'PCUWSTR': identificador não declarado
C:\Program Files (x86)\Windows Kits\10\Include\10.0.19041.0\shared\stralign.h(344,18): error C2146: erro de sintaxe: ')' ausente antes do identificador 'String'
C:\Program Files (x86)\Windows Kits\10\Include\10.0.19041.0\shared\stralign.h(347,1): error C2143: erro de sintaxe: ';' ausente antes de '{'
C:\Program Files (x86)\Windows Kits\10\Include\10.0.19041.0\shared\stralign.h(347,1): error C2447: '{': faltando cabeçalho de função (lista formal de estilo antigo?)
C:\Program Files (x86)\Windows Kits\10\Include\10.0.19041.0\shared\stralign.h(417,1): error C2144: erro de sintaxe: 'int' deve ser precedido por ';'
C:\Program Files (x86)\Windows Kits\10\Include\10.0.19041.0\shared\stralign.h(416,1): error C7525: variáveis embutidas exigem pelo menos '/std:c++17'
C:\Program Files (x86)\Windows Kits\10\Include\10.0.19041.0\shared\stralign.h(419,10): error C4430: faltando especificador de tipo - int assumido. Observação: C++ não suporta default-int
C:\Program Files (x86)\Windows Kits\10\Include\10.0.19041.0\shared\stralign.h(416,1): error C2086: 'int PUWSTR': redefinição
C:\Program Files (x86)\Windows Kits\10\Include\10.0.19041.0\shared\stralign.h(177): message : consulte a declaração de 'PUWSTR'
C:\Program Files (x86)\Windows Kits\10\Include\10.0.19041.0\shared\stralign.h(420,64): error C4430: faltando especificador de tipo - int assumido. Observação: C++ não suporta default-int
C:\Program Files (x86)\Windows Kits\10\Include\10.0.19041.0\shared\stralign.h(420,64): error C2146: erro de sintaxe: ')' ausente antes do identificador 'Destination'
C:\Program Files (x86)\Windows Kits\10\Include\10.0.19041.0\shared\stralign.h(423,1): error C2143: erro de sintaxe: ';' ausente antes de '{'
C:\Program Files (x86)\Windows Kits\10\Include\10.0.19041.0\shared\stralign.h(423,1): error C2447: '{': faltando cabeçalho de função (lista formal de estilo antigo?)
C:\Program Files (x86)\Windows Kits\10\Include\10.0.19041.0\shared\stralign.h(442,1): error C2144: erro de sintaxe: 'int' deve ser precedido por ';'
C:\Program Files (x86)\Windows Kits\10\Include\10.0.19041.0\shared\stralign.h(441,1): error C7525: variáveis embutidas exigem pelo menos '/std:c++17'
C:\Program Files (x86)\Windows Kits\10\Include\10.0.19041.0\shared\stralign.h(443,12): error C4430: faltando especificador de tipo - int assumido. Observação: C++ não suporta default-int
C:\Program Files (x86)\Windows Kits\10\Include\10.0.19041.0\shared\stralign.h(441,1): error C2086: 'int PUWSTR': redefinição
C:\Program Files (x86)\Windows Kits\10\Include\10.0.19041.0\shared\stralign.h(177): message : consulte a declaração de 'PUWSTR'
C:\Program Files (x86)\Windows Kits\10\Include\10.0.19041.0\shared\stralign.h(444,42): error C4430: faltando especificador de tipo - int assumido. Observação: C++ não suporta default-int
C:\Program Files (x86)\Windows Kits\10\Include\10.0.19041.0\shared\stralign.h(444,42): error C2146: erro de sintaxe: ')' ausente antes do identificador 'Destination'
C:\Program Files (x86)\Windows Kits\10\Include\10.0.19041.0\shared\stralign.h(448,1): error C2143: erro de sintaxe: ';' ausente antes de '{'
C:\Program Files (x86)\Windows Kits\10\Include\10.0.19041.0\shared\stralign.h(448,1): error C2447: '{': faltando cabeçalho de função (lista formal de estilo antigo?)
C:\Program Files (x86)\Windows Kits\10\Include\10.0.19041.0\shared\stralign.h(461,1): error C7525: variáveis embutidas exigem pelo menos '/std:c++17'
C:\Program Files (x86)\Windows Kits\10\Include\10.0.19041.0\shared\stralign.h(462,10): error C2065: 'PCUWSTR': identificador não declarado
C:\Program Files (x86)\Windows Kits\10\Include\10.0.19041.0\shared\stralign.h(462,18): error C2146: erro de sintaxe: ')' ausente antes do identificador 'String'
C:\Program Files (x86)\Windows Kits\10\Include\10.0.19041.0\shared\stralign.h(464,1): error C2143: erro de sintaxe: ';' ausente antes de '{'
C:\Program Files (x86)\Windows Kits\10\Include\10.0.19041.0\shared\stralign.h(464,1): error C2447: '{': faltando cabeçalho de função (lista formal de estilo antigo?)
C:\Program Files (x86)\Windows Kits\10\Include\10.0.19041.0\shared\stralign.h(477,1): error C7525: variáveis embutidas exigem pelo menos '/std:c++17'
C:\Program Files (x86)\Windows Kits\10\Include\10.0.19041.0\shared\stralign.h(478,10): error C2065: 'PCUWSTR': identificador não declarado
C:\Program Files (x86)\Windows Kits\10\Include\10.0.19041.0\shared\stralign.h(478,18): error C2146: erro de sintaxe: ')' ausente antes do identificador 'String1'
C:\Program Files (x86)\Windows Kits\10\Include\10.0.19041.0\shared\stralign.h(481,1): error C2143: erro de sintaxe: ';' ausente antes de '{'
C:\Program Files (x86)\Windows Kits\10\Include\10.0.19041.0\shared\stralign.h(481,1): error C2447: '{': faltando cabeçalho de função (lista formal de estilo antigo?)
  Gerando Código...
